<?xml version="1.0" encoding="UTF-8"?>
<!-- Generated by org.testng.reporters.JUnitReportReporter -->
<testsuite hostname="CE-20150821IBGT" name="com.example.tests.aa" tests="1" failures="0" timestamp="3 Apr 2018 07:28:33 GMT" time="3.948" errors="0">
  <testcase name="test12" time="3.948" classname="com.example.tests.aa"/>
</testsuite> <!-- com.example.tests.aa -->
