<?xml version="1.0" encoding="UTF-8"?>
<!-- Generated by org.testng.reporters.JUnitReportReporter -->
<testsuite hostname="CE-20150821IBGT" name="com.example.tests.aa" tests="1" failures="0" timestamp="9 Apr 2018 09:02:41 GMT" time="21.905" errors="0">
  <testcase name="test12" time="21.905" classname="com.example.tests.aa"/>
</testsuite> <!-- com.example.tests.aa -->
