<?xml version="1.0" encoding="UTF-8"?>
<!-- Generated by org.testng.reporters.JUnitReportReporter -->
<testsuite hostname="CE-20150821IBGT" name="comm.JdongTest" tests="4" failures="0" timestamp="3 Apr 2018 08:30:38 GMT" time="4.147" errors="0">
  <testcase name="f" time="0.011" classname="comm.JdongTest"/>
  <testcase name="loanLg" time="0.507" classname="comm.JdongTest"/>
  <testcase name="f" time="0.001" classname="comm.JdongTest"/>
  <testcase name="addpro" time="3.628" classname="comm.JdongTest"/>
</testsuite> <!-- comm.JdongTest -->
