<?xml version="1.0" encoding="UTF-8"?>
<!-- Generated by org.testng.reporters.JUnitReportReporter -->
<testsuite hostname="CE-20150821IBGT" name="Metria.TestMetr" tests="1" failures="0" timestamp="19 Apr 2018 10:23:13 GMT" time="0.837" errors="0">
  <testcase name="lgin" time="0.837" classname="Metria.TestMetr"/>
</testsuite> <!-- Metria.TestMetr -->
